[INFO] 24-07-2025 16:22:21 [main] [Tests.TC01_LoginTest.setup(TC01_LoginTest.java:27)] - Chrome driver is opened
[INFO] 24-07-2025 16:22:21 [main] [Listeners.IInvokeMethodListenerClass.afterInvocation(IInvokeMethodListenerClass.java:23)] - Test Case setup failed
[ERROR] 24-07-2025 16:22:22 [main] [Utilites.Utility.takeFullScreenSHOT(Utility.java:88)] - no such element: Unable to locate element: {"method":"css selector","selector":".shopping_cart_badge"}
  (Session info: chrome=138.0.7204.158)
For documentation on this error, please visit: https://www.selenium.dev/documentation/webdriver/troubleshooting/errors#no-such-element-exception
Build info: version: '4.33.0', revision: '2c6aaad03a'
System info: os.name: 'Windows 11', os.arch: 'amd64', os.version: '10.0', java.version: '21.0.7'
Driver info: org.openqa.selenium.chrome.ChromeDriver
Command: [ba6025408f3ac4a614538c03e9206d39, findElement {value=shopping_cart_badge, using=class name}]
Capabilities {acceptInsecureCerts: false, browserName: chrome, browserVersion: 138.0.7204.158, chrome: {chromedriverVersion: 138.0.7204.168 (3e8d82e86e9..., userDataDir: C:\Users\salah\AppData\Loca...}, fedcm:accounts: true, goog:chromeOptions: {debuggerAddress: localhost:63900}, networkConnectionEnabled: false, pageLoadStrategy: normal, platformName: windows, proxy: Proxy(), se:cdp: ws://localhost:63900/devtoo..., se:cdpVersion: 138.0.7204.158, setWindowRect: true, strictFileInteractability: false, timeouts: {implicit: 0, pageLoad: 300000, script: 30000}, unhandledPromptBehavior: dismiss and notify, webauthn:extension:credBlob: true, webauthn:extension:largeBlob: true, webauthn:extension:minPinLength: true, webauthn:extension:prf: true, webauthn:virtualAuthenticators: true}
Session ID: ba6025408f3ac4a614538c03e9206d39
[INFO] 24-07-2025 16:22:22 [main] [Listeners.ITestResultListenerClass.onTestStart(ITestResultListenerClass.java:11)] - Test Case validLoginTC started
[INFO] 24-07-2025 16:22:22 [main] [Listeners.ITestResultListenerClass.onTestSkipped(ITestResultListenerClass.java:21)] - Test Case validLoginTC skipped
[INFO] 24-07-2025 16:22:24 [main] [Tests.TC02_LandingTest.setup(TC02_LandingTest.java:29)] - Chrome driver is opened
[INFO] 24-07-2025 16:22:24 [main] [Listeners.IInvokeMethodListenerClass.afterInvocation(IInvokeMethodListenerClass.java:23)] - Test Case setup failed
[ERROR] 24-07-2025 16:22:25 [main] [Utilites.Utility.takeFullScreenSHOT(Utility.java:88)] - no such element: Unable to locate element: {"method":"css selector","selector":".shopping_cart_badge"}
  (Session info: chrome=138.0.7204.158)
For documentation on this error, please visit: https://www.selenium.dev/documentation/webdriver/troubleshooting/errors#no-such-element-exception
Build info: version: '4.33.0', revision: '2c6aaad03a'
System info: os.name: 'Windows 11', os.arch: 'amd64', os.version: '10.0', java.version: '21.0.7'
Driver info: org.openqa.selenium.chrome.ChromeDriver
Command: [3e4ade1e7b7385c9300f3eb2c012b6ea, findElement {value=shopping_cart_badge, using=class name}]
Capabilities {acceptInsecureCerts: false, browserName: chrome, browserVersion: 138.0.7204.158, chrome: {chromedriverVersion: 138.0.7204.168 (3e8d82e86e9..., userDataDir: C:\Users\salah\AppData\Loca...}, fedcm:accounts: true, goog:chromeOptions: {debuggerAddress: localhost:63911}, networkConnectionEnabled: false, pageLoadStrategy: normal, platformName: windows, proxy: Proxy(), se:cdp: ws://localhost:63911/devtoo..., se:cdpVersion: 138.0.7204.158, setWindowRect: true, strictFileInteractability: false, timeouts: {implicit: 0, pageLoad: 300000, script: 30000}, unhandledPromptBehavior: dismiss and notify, webauthn:extension:credBlob: true, webauthn:extension:largeBlob: true, webauthn:extension:minPinLength: true, webauthn:extension:prf: true, webauthn:virtualAuthenticators: true}
Session ID: 3e4ade1e7b7385c9300f3eb2c012b6ea
[INFO] 24-07-2025 16:22:25 [main] [Listeners.ITestResultListenerClass.onTestStart(ITestResultListenerClass.java:11)] - Test Case addingRandomProductsToCartTC started
[INFO] 24-07-2025 16:22:25 [main] [Listeners.ITestResultListenerClass.onTestSkipped(ITestResultListenerClass.java:21)] - Test Case addingRandomProductsToCartTC skipped
[INFO] 24-07-2025 16:22:25 [main] [Listeners.ITestResultListenerClass.onTestStart(ITestResultListenerClass.java:11)] - Test Case checkingNumberOfSelectedProductsTC started
[INFO] 24-07-2025 16:22:25 [main] [Listeners.ITestResultListenerClass.onTestSkipped(ITestResultListenerClass.java:21)] - Test Case checkingNumberOfSelectedProductsTC skipped
[INFO] 24-07-2025 16:22:25 [main] [Listeners.ITestResultListenerClass.onTestStart(ITestResultListenerClass.java:11)] - Test Case clickOnCartIconURLTC started
[INFO] 24-07-2025 16:22:25 [main] [Listeners.ITestResultListenerClass.onTestSkipped(ITestResultListenerClass.java:21)] - Test Case clickOnCartIconURLTC skipped
[INFO] 24-07-2025 16:22:26 [main] [Tests.TC03_CartTest.setup(TC03_CartTest.java:29)] - Chrome driver is opened
[INFO] 24-07-2025 16:22:26 [main] [Listeners.IInvokeMethodListenerClass.afterInvocation(IInvokeMethodListenerClass.java:23)] - Test Case setup failed
[ERROR] 24-07-2025 16:22:27 [main] [Utilites.Utility.takeFullScreenSHOT(Utility.java:88)] - no such element: Unable to locate element: {"method":"css selector","selector":".shopping_cart_badge"}
  (Session info: chrome=138.0.7204.158)
For documentation on this error, please visit: https://www.selenium.dev/documentation/webdriver/troubleshooting/errors#no-such-element-exception
Build info: version: '4.33.0', revision: '2c6aaad03a'
System info: os.name: 'Windows 11', os.arch: 'amd64', os.version: '10.0', java.version: '21.0.7'
Driver info: org.openqa.selenium.chrome.ChromeDriver
Command: [481ed1f3270c0f1bfaf329b46f6f15de, findElement {value=shopping_cart_badge, using=class name}]
Capabilities {acceptInsecureCerts: false, browserName: chrome, browserVersion: 138.0.7204.158, chrome: {chromedriverVersion: 138.0.7204.168 (3e8d82e86e9..., userDataDir: C:\Users\salah\AppData\Loca...}, fedcm:accounts: true, goog:chromeOptions: {debuggerAddress: localhost:63922}, networkConnectionEnabled: false, pageLoadStrategy: normal, platformName: windows, proxy: Proxy(), se:cdp: ws://localhost:63922/devtoo..., se:cdpVersion: 138.0.7204.158, setWindowRect: true, strictFileInteractability: false, timeouts: {implicit: 0, pageLoad: 300000, script: 30000}, unhandledPromptBehavior: dismiss and notify, webauthn:extension:credBlob: true, webauthn:extension:largeBlob: true, webauthn:extension:minPinLength: true, webauthn:extension:prf: true, webauthn:virtualAuthenticators: true}
Session ID: 481ed1f3270c0f1bfaf329b46f6f15de
[INFO] 24-07-2025 16:22:27 [main] [Listeners.ITestResultListenerClass.onTestStart(ITestResultListenerClass.java:11)] - Test Case comparingPricesTC started
[INFO] 24-07-2025 16:22:27 [main] [Listeners.ITestResultListenerClass.onTestSkipped(ITestResultListenerClass.java:21)] - Test Case comparingPricesTC skipped
[INFO] 24-07-2025 16:22:29 [main] [Tests.TC04_CheckoutTest.setup(TC04_CheckoutTest.java:33)] - Chrome driver is opened
[INFO] 24-07-2025 16:22:29 [main] [Listeners.IInvokeMethodListenerClass.afterInvocation(IInvokeMethodListenerClass.java:23)] - Test Case setup failed
[ERROR] 24-07-2025 16:22:29 [main] [Utilites.Utility.takeFullScreenSHOT(Utility.java:88)] - no such element: Unable to locate element: {"method":"css selector","selector":".shopping_cart_badge"}
  (Session info: chrome=138.0.7204.158)
For documentation on this error, please visit: https://www.selenium.dev/documentation/webdriver/troubleshooting/errors#no-such-element-exception
Build info: version: '4.33.0', revision: '2c6aaad03a'
System info: os.name: 'Windows 11', os.arch: 'amd64', os.version: '10.0', java.version: '21.0.7'
Driver info: org.openqa.selenium.chrome.ChromeDriver
Command: [587250ff4c093d8f3d2829e06893922c, findElement {value=shopping_cart_badge, using=class name}]
Capabilities {acceptInsecureCerts: false, browserName: chrome, browserVersion: 138.0.7204.158, chrome: {chromedriverVersion: 138.0.7204.168 (3e8d82e86e9..., userDataDir: C:\Users\salah\AppData\Loca...}, fedcm:accounts: true, goog:chromeOptions: {debuggerAddress: localhost:63934}, networkConnectionEnabled: false, pageLoadStrategy: normal, platformName: windows, proxy: Proxy(), se:cdp: ws://localhost:63934/devtoo..., se:cdpVersion: 138.0.7204.158, setWindowRect: true, strictFileInteractability: false, timeouts: {implicit: 0, pageLoad: 300000, script: 30000}, unhandledPromptBehavior: dismiss and notify, webauthn:extension:credBlob: true, webauthn:extension:largeBlob: true, webauthn:extension:minPinLength: true, webauthn:extension:prf: true, webauthn:virtualAuthenticators: true}
Session ID: 587250ff4c093d8f3d2829e06893922c
[INFO] 24-07-2025 16:22:30 [main] [Listeners.ITestResultListenerClass.onTestStart(ITestResultListenerClass.java:11)] - Test Case checkoutStepOneTC started
[INFO] 24-07-2025 16:22:30 [main] [Listeners.ITestResultListenerClass.onTestSkipped(ITestResultListenerClass.java:21)] - Test Case checkoutStepOneTC skipped
[INFO] 24-07-2025 16:22:31 [main] [Tests.TC05_OverviewTest.setup(TC05_OverviewTest.java:34)] - Chrome driver is opened
[INFO] 24-07-2025 16:22:31 [main] [Listeners.IInvokeMethodListenerClass.afterInvocation(IInvokeMethodListenerClass.java:23)] - Test Case setup failed
[ERROR] 24-07-2025 16:22:32 [main] [Utilites.Utility.takeFullScreenSHOT(Utility.java:88)] - no such element: Unable to locate element: {"method":"css selector","selector":".shopping_cart_badge"}
  (Session info: chrome=138.0.7204.158)
For documentation on this error, please visit: https://www.selenium.dev/documentation/webdriver/troubleshooting/errors#no-such-element-exception
Build info: version: '4.33.0', revision: '2c6aaad03a'
System info: os.name: 'Windows 11', os.arch: 'amd64', os.version: '10.0', java.version: '21.0.7'
Driver info: org.openqa.selenium.chrome.ChromeDriver
Command: [826564a204ebb63dd6485d7902a16fdd, findElement {value=shopping_cart_badge, using=class name}]
Capabilities {acceptInsecureCerts: false, browserName: chrome, browserVersion: 138.0.7204.158, chrome: {chromedriverVersion: 138.0.7204.168 (3e8d82e86e9..., userDataDir: C:\Users\salah\AppData\Loca...}, fedcm:accounts: true, goog:chromeOptions: {debuggerAddress: localhost:63945}, networkConnectionEnabled: false, pageLoadStrategy: normal, platformName: windows, proxy: Proxy(), se:cdp: ws://localhost:63945/devtoo..., se:cdpVersion: 138.0.7204.158, setWindowRect: true, strictFileInteractability: false, timeouts: {implicit: 0, pageLoad: 300000, script: 30000}, unhandledPromptBehavior: dismiss and notify, webauthn:extension:credBlob: true, webauthn:extension:largeBlob: true, webauthn:extension:minPinLength: true, webauthn:extension:prf: true, webauthn:virtualAuthenticators: true}
Session ID: 826564a204ebb63dd6485d7902a16fdd
[INFO] 24-07-2025 16:22:32 [main] [Listeners.ITestResultListenerClass.onTestStart(ITestResultListenerClass.java:11)] - Test Case checkoutStepTwoTC started
[INFO] 24-07-2025 16:22:32 [main] [Listeners.ITestResultListenerClass.onTestSkipped(ITestResultListenerClass.java:21)] - Test Case checkoutStepTwoTC skipped
[INFO] 24-07-2025 16:22:33 [main] [Tests.TC06_FinishingOrderTest.setup(TC06_FinishingOrderTest.java:34)] - Chrome driver is opened
[INFO] 24-07-2025 16:22:33 [main] [Listeners.IInvokeMethodListenerClass.afterInvocation(IInvokeMethodListenerClass.java:23)] - Test Case setup failed
[ERROR] 24-07-2025 16:22:34 [main] [Utilites.Utility.takeFullScreenSHOT(Utility.java:88)] - no such element: Unable to locate element: {"method":"css selector","selector":".shopping_cart_badge"}
  (Session info: chrome=138.0.7204.158)
For documentation on this error, please visit: https://www.selenium.dev/documentation/webdriver/troubleshooting/errors#no-such-element-exception
Build info: version: '4.33.0', revision: '2c6aaad03a'
System info: os.name: 'Windows 11', os.arch: 'amd64', os.version: '10.0', java.version: '21.0.7'
Driver info: org.openqa.selenium.chrome.ChromeDriver
Command: [9c5595289ec2868a2c2f605bdd014d36, findElement {value=shopping_cart_badge, using=class name}]
Capabilities {acceptInsecureCerts: false, browserName: chrome, browserVersion: 138.0.7204.158, chrome: {chromedriverVersion: 138.0.7204.168 (3e8d82e86e9..., userDataDir: C:\Users\salah\AppData\Loca...}, fedcm:accounts: true, goog:chromeOptions: {debuggerAddress: localhost:63957}, networkConnectionEnabled: false, pageLoadStrategy: normal, platformName: windows, proxy: Proxy(), se:cdp: ws://localhost:63957/devtoo..., se:cdpVersion: 138.0.7204.158, setWindowRect: true, strictFileInteractability: false, timeouts: {implicit: 0, pageLoad: 300000, script: 30000}, unhandledPromptBehavior: dismiss and notify, webauthn:extension:credBlob: true, webauthn:extension:largeBlob: true, webauthn:extension:minPinLength: true, webauthn:extension:prf: true, webauthn:virtualAuthenticators: true}
Session ID: 9c5595289ec2868a2c2f605bdd014d36
[INFO] 24-07-2025 16:22:34 [main] [Listeners.ITestResultListenerClass.onTestStart(ITestResultListenerClass.java:11)] - Test Case finishOrderTC started
[INFO] 24-07-2025 16:22:34 [main] [Listeners.ITestResultListenerClass.onTestSkipped(ITestResultListenerClass.java:21)] - Test Case finishOrderTC skipped
