[INFO] 29-07-2025 14:58:18 [main] [Listeners.IInvokeMethodListenerClass.afterInvocation(IInvokeMethodListenerClass.java:36)] - Test Case setup failed
[ERROR] 29-07-2025 14:58:18 [main] [Utilites.Utility.takeScreenShot(Utility.java:74)] - Cannot invoke "org.openqa.selenium.TakesScreenshot.getScreenshotAs(org.openqa.selenium.OutputType)" because "driver" is null
[ERROR] 29-07-2025 14:58:18 [main] [Utilites.Utility.takeFullScreenSHOT(Utility.java:85)] - Cannot invoke "org.openqa.selenium.JavascriptExecutor.executeScript(String, Object[])" because "js" is null
[INFO] 29-07-2025 14:58:18 [main] [Listeners.ITestResultListenerClass.onTestStart(ITestResultListenerClass.java:11)] - Test Case validLoginTC started
[INFO] 29-07-2025 14:58:18 [main] [Listeners.ITestResultListenerClass.onTestSkipped(ITestResultListenerClass.java:21)] - Test Case validLoginTC skipped
[INFO] 29-07-2025 14:58:18 [main] [Listeners.IInvokeMethodListenerClass.afterInvocation(IInvokeMethodListenerClass.java:36)] - Test Case login failed
[ERROR] 29-07-2025 14:58:18 [main] [Utilites.Utility.takeScreenShot(Utility.java:74)] - Cannot invoke "org.openqa.selenium.TakesScreenshot.getScreenshotAs(org.openqa.selenium.OutputType)" because "driver" is null
[ERROR] 29-07-2025 14:58:18 [main] [Utilites.Utility.takeFullScreenSHOT(Utility.java:85)] - Cannot invoke "org.openqa.selenium.JavascriptExecutor.executeScript(String, Object[])" because "js" is null
[INFO] 29-07-2025 14:58:18 [main] [Listeners.ITestResultListenerClass.onTestStart(ITestResultListenerClass.java:11)] - Test Case addingRandomProductsToCartTC started
[INFO] 29-07-2025 14:58:18 [main] [Listeners.ITestResultListenerClass.onTestSkipped(ITestResultListenerClass.java:21)] - Test Case addingRandomProductsToCartTC skipped
[INFO] 29-07-2025 14:58:18 [main] [Listeners.ITestResultListenerClass.onTestStart(ITestResultListenerClass.java:11)] - Test Case checkingNumberOfSelectedProductsTC started
[INFO] 29-07-2025 14:58:18 [main] [Listeners.ITestResultListenerClass.onTestSkipped(ITestResultListenerClass.java:21)] - Test Case checkingNumberOfSelectedProductsTC skipped
[INFO] 29-07-2025 14:58:18 [main] [Listeners.ITestResultListenerClass.onTestStart(ITestResultListenerClass.java:11)] - Test Case clickOnCartIconURLTC started
[INFO] 29-07-2025 14:58:18 [main] [Listeners.ITestResultListenerClass.onTestSkipped(ITestResultListenerClass.java:21)] - Test Case clickOnCartIconURLTC skipped
[INFO] 29-07-2025 14:58:18 [main] [Listeners.IInvokeMethodListenerClass.afterInvocation(IInvokeMethodListenerClass.java:36)] - Test Case setup failed
[ERROR] 29-07-2025 14:58:18 [main] [Utilites.Utility.takeScreenShot(Utility.java:74)] - Cannot invoke "org.openqa.selenium.TakesScreenshot.getScreenshotAs(org.openqa.selenium.OutputType)" because "driver" is null
[ERROR] 29-07-2025 14:58:18 [main] [Utilites.Utility.takeFullScreenSHOT(Utility.java:85)] - Cannot invoke "org.openqa.selenium.JavascriptExecutor.executeScript(String, Object[])" because "js" is null
[INFO] 29-07-2025 14:58:18 [main] [Listeners.ITestResultListenerClass.onTestStart(ITestResultListenerClass.java:11)] - Test Case comparingPricesTC started
[INFO] 29-07-2025 14:58:18 [main] [Listeners.ITestResultListenerClass.onTestSkipped(ITestResultListenerClass.java:21)] - Test Case comparingPricesTC skipped
[INFO] 29-07-2025 14:58:19 [main] [Listeners.IInvokeMethodListenerClass.afterInvocation(IInvokeMethodListenerClass.java:36)] - Test Case setup failed
[ERROR] 29-07-2025 14:58:19 [main] [Utilites.Utility.takeScreenShot(Utility.java:74)] - Cannot invoke "org.openqa.selenium.TakesScreenshot.getScreenshotAs(org.openqa.selenium.OutputType)" because "driver" is null
[ERROR] 29-07-2025 14:58:19 [main] [Utilites.Utility.takeFullScreenSHOT(Utility.java:85)] - Cannot invoke "org.openqa.selenium.JavascriptExecutor.executeScript(String, Object[])" because "js" is null
[INFO] 29-07-2025 14:58:19 [main] [Listeners.ITestResultListenerClass.onTestStart(ITestResultListenerClass.java:11)] - Test Case checkoutStepOneTC started
[INFO] 29-07-2025 14:58:19 [main] [Listeners.ITestResultListenerClass.onTestSkipped(ITestResultListenerClass.java:21)] - Test Case checkoutStepOneTC skipped
[INFO] 29-07-2025 14:58:19 [main] [Listeners.IInvokeMethodListenerClass.afterInvocation(IInvokeMethodListenerClass.java:36)] - Test Case setup failed
[ERROR] 29-07-2025 14:58:19 [main] [Utilites.Utility.takeScreenShot(Utility.java:74)] - Cannot invoke "org.openqa.selenium.TakesScreenshot.getScreenshotAs(org.openqa.selenium.OutputType)" because "driver" is null
[ERROR] 29-07-2025 14:58:19 [main] [Utilites.Utility.takeFullScreenSHOT(Utility.java:85)] - Cannot invoke "org.openqa.selenium.JavascriptExecutor.executeScript(String, Object[])" because "js" is null
[INFO] 29-07-2025 14:58:19 [main] [Listeners.ITestResultListenerClass.onTestStart(ITestResultListenerClass.java:11)] - Test Case checkoutStepTwoTC started
[INFO] 29-07-2025 14:58:19 [main] [Listeners.ITestResultListenerClass.onTestSkipped(ITestResultListenerClass.java:21)] - Test Case checkoutStepTwoTC skipped
[INFO] 29-07-2025 14:58:19 [main] [Listeners.IInvokeMethodListenerClass.afterInvocation(IInvokeMethodListenerClass.java:36)] - Test Case setup failed
[ERROR] 29-07-2025 14:58:19 [main] [Utilites.Utility.takeScreenShot(Utility.java:74)] - Cannot invoke "org.openqa.selenium.TakesScreenshot.getScreenshotAs(org.openqa.selenium.OutputType)" because "driver" is null
[ERROR] 29-07-2025 14:58:19 [main] [Utilites.Utility.takeFullScreenSHOT(Utility.java:85)] - Cannot invoke "org.openqa.selenium.JavascriptExecutor.executeScript(String, Object[])" because "js" is null
[INFO] 29-07-2025 14:58:19 [main] [Listeners.ITestResultListenerClass.onTestStart(ITestResultListenerClass.java:11)] - Test Case finishOrderTC started
[INFO] 29-07-2025 14:58:19 [main] [Listeners.ITestResultListenerClass.onTestSkipped(ITestResultListenerClass.java:21)] - Test Case finishOrderTC skipped
