[INFO] 24-07-2025 16:18:16 [main] [Tests.TC01_LoginTest.setup(TC01_LoginTest.java:27)] - Chrome driver is opened
[INFO] 24-07-2025 16:19:05 [main] [Tests.TC01_LoginTest.setup(TC01_LoginTest.java:29)] - LoginPage is opened
[INFO] 24-07-2025 16:19:05 [main] [Listeners.ITestResultListenerClass.onTestStart(ITestResultListenerClass.java:11)] - Test Case validLoginTC started
[INFO] 24-07-2025 16:19:06 [main] [Listeners.ITestResultListenerClass.onTestSuccess(ITestResultListenerClass.java:16)] - Test Case validLoginTC passed
[INFO] 24-07-2025 16:19:09 [main] [Tests.TC02_LandingTest.setup(TC02_LandingTest.java:29)] - Chrome driver is opened
[INFO] 24-07-2025 16:19:19 [main] [Tests.TC02_LandingTest.setup(TC02_LandingTest.java:31)] - LoginPage is opened
[INFO] 24-07-2025 16:19:19 [main] [Listeners.ITestResultListenerClass.onTestStart(ITestResultListenerClass.java:11)] - Test Case addingRandomProductsToCartTC started
[INFO] 24-07-2025 16:19:19 [main] [Pages.P02_LandingPage.addRandomProducts(P02_LandingPage.java:67)] - randomNumber 1
[INFO] 24-07-2025 16:19:20 [main] [Pages.P02_LandingPage.addRandomProducts(P02_LandingPage.java:67)] - randomNumber 2
[INFO] 24-07-2025 16:19:20 [main] [Pages.P02_LandingPage.addRandomProducts(P02_LandingPage.java:67)] - randomNumber 3
[INFO] 24-07-2025 16:19:20 [main] [Pages.P02_LandingPage.getNumberOfProductsOnCartIcon(P02_LandingPage.java:45)] - number of products on cart = 3
[INFO] 24-07-2025 16:19:20 [main] [Pages.P02_LandingPage.getNumberOfSelectedProducts(P02_LandingPage.java:56)] - number of selected products = 3
[INFO] 24-07-2025 16:19:20 [main] [Listeners.ITestResultListenerClass.onTestSuccess(ITestResultListenerClass.java:16)] - Test Case addingRandomProductsToCartTC passed
[INFO] 24-07-2025 16:19:23 [main] [Tests.TC02_LandingTest.setup(TC02_LandingTest.java:29)] - Chrome driver is opened
[INFO] 24-07-2025 16:19:29 [main] [Tests.TC02_LandingTest.setup(TC02_LandingTest.java:31)] - LoginPage is opened
[INFO] 24-07-2025 16:19:29 [main] [Listeners.ITestResultListenerClass.onTestStart(ITestResultListenerClass.java:11)] - Test Case checkingNumberOfSelectedProductsTC started
[INFO] 24-07-2025 16:19:30 [main] [Pages.P02_LandingPage.addAllProductsToCart(P02_LandingPage.java:35)] - number of all products = 6
[INFO] 24-07-2025 16:19:31 [main] [Pages.P02_LandingPage.getNumberOfProductsOnCartIcon(P02_LandingPage.java:45)] - number of products on cart = 2
[INFO] 24-07-2025 16:19:31 [main] [Pages.P02_LandingPage.getNumberOfSelectedProducts(P02_LandingPage.java:56)] - number of selected products = 2
[INFO] 24-07-2025 16:19:31 [main] [Listeners.ITestResultListenerClass.onTestSuccess(ITestResultListenerClass.java:16)] - Test Case checkingNumberOfSelectedProductsTC passed
[INFO] 24-07-2025 16:19:32 [main] [Tests.TC02_LandingTest.setup(TC02_LandingTest.java:29)] - Chrome driver is opened
[INFO] 24-07-2025 16:19:35 [main] [Tests.TC02_LandingTest.setup(TC02_LandingTest.java:31)] - LoginPage is opened
[INFO] 24-07-2025 16:19:35 [main] [Listeners.ITestResultListenerClass.onTestStart(ITestResultListenerClass.java:11)] - Test Case clickOnCartIconURLTC started
[INFO] 24-07-2025 16:19:36 [main] [Listeners.ITestResultListenerClass.onTestSuccess(ITestResultListenerClass.java:16)] - Test Case clickOnCartIconURLTC passed
[INFO] 24-07-2025 16:19:37 [main] [Tests.TC03_CartTest.setup(TC03_CartTest.java:29)] - Chrome driver is opened
[INFO] 24-07-2025 16:19:39 [main] [Tests.TC03_CartTest.setup(TC03_CartTest.java:31)] - LoginPage is opened
[INFO] 24-07-2025 16:19:39 [main] [Listeners.ITestResultListenerClass.onTestStart(ITestResultListenerClass.java:11)] - Test Case comparingPricesTC started
[INFO] 24-07-2025 16:19:40 [main] [Pages.P02_LandingPage.addRandomProducts(P02_LandingPage.java:67)] - randomNumber 1
[INFO] 24-07-2025 16:19:40 [main] [Pages.P02_LandingPage.addRandomProducts(P02_LandingPage.java:67)] - randomNumber 5
[INFO] 24-07-2025 16:19:40 [main] [Pages.P02_LandingPage.getTotalPriceOfSelectedProducts(P02_LandingPage.java:92)] - Total Price = 37.98
[INFO] 24-07-2025 16:19:40 [main] [Pages.P03_CartPage.getTotalPrice(P03_CartPage.java:32)] - Total Price = 37.98
[INFO] 24-07-2025 16:19:40 [main] [Listeners.ITestResultListenerClass.onTestSuccess(ITestResultListenerClass.java:16)] - Test Case comparingPricesTC passed
[INFO] 24-07-2025 16:19:42 [main] [Tests.TC04_CheckoutTest.setup(TC04_CheckoutTest.java:33)] - Chrome driver is opened
[INFO] 24-07-2025 16:19:43 [main] [Tests.TC04_CheckoutTest.setup(TC04_CheckoutTest.java:35)] - LoginPage is opened
[INFO] 24-07-2025 16:19:43 [main] [Listeners.ITestResultListenerClass.onTestStart(ITestResultListenerClass.java:11)] - Test Case checkoutStepOneTC started
[INFO] 24-07-2025 16:19:44 [main] [Pages.P02_LandingPage.addRandomProducts(P02_LandingPage.java:67)] - randomNumber 2
[INFO] 24-07-2025 16:19:44 [main] [Pages.P02_LandingPage.addRandomProducts(P02_LandingPage.java:67)] - randomNumber 3
[INFO] 24-07-2025 16:19:44 [main] [Pages.P02_LandingPage.addRandomProducts(P02_LandingPage.java:67)] - randomNumber 6
[INFO] 24-07-2025 16:19:45 [main] [Tests.TC04_CheckoutTest.checkoutStepOneTC(TC04_CheckoutTest.java:50)] - Ftest-2025-07-24-4-18-12PM Ltest-2025-07-24-4-18-12PM 26324
[INFO] 24-07-2025 16:19:50 [main] [Listeners.IInvokeMethodListenerClass.afterInvocation(IInvokeMethodListenerClass.java:23)] - Test Case checkoutStepOneTC failed
[INFO] 24-07-2025 16:19:54 [main] [Tests.TC05_OverviewTest.setup(TC05_OverviewTest.java:34)] - Chrome driver is opened
[INFO] 24-07-2025 16:19:55 [main] [Tests.TC05_OverviewTest.setup(TC05_OverviewTest.java:36)] - LoginPage is opened
[INFO] 24-07-2025 16:19:55 [main] [Listeners.ITestResultListenerClass.onTestStart(ITestResultListenerClass.java:11)] - Test Case checkoutStepTwoTC started
[INFO] 24-07-2025 16:19:56 [main] [Pages.P02_LandingPage.addAllProductsToCart(P02_LandingPage.java:35)] - number of all products = 6
[INFO] 24-07-2025 16:20:07 [main] [Listeners.IInvokeMethodListenerClass.afterInvocation(IInvokeMethodListenerClass.java:23)] - Test Case checkoutStepTwoTC failed
[INFO] 24-07-2025 16:20:12 [main] [Tests.TC06_FinishingOrderTest.setup(TC06_FinishingOrderTest.java:34)] - Chrome driver is opened
[INFO] 24-07-2025 16:20:53 [main] [Tests.TC06_FinishingOrderTest.setup(TC06_FinishingOrderTest.java:36)] - LoginPage is opened
[INFO] 24-07-2025 16:20:54 [main] [Listeners.ITestResultListenerClass.onTestStart(ITestResultListenerClass.java:11)] - Test Case finishOrderTC started
[INFO] 24-07-2025 16:20:59 [main] [Listeners.IInvokeMethodListenerClass.afterInvocation(IInvokeMethodListenerClass.java:23)] - Test Case finishOrderTC failed
[ERROR] 24-07-2025 16:20:59 [main] [Utilites.Utility.takeScreenShot(Utility.java:77)] - no such window: target window already closed
from unknown error: web view not found
  (Session info: chrome=138.0.7204.158)
Build info: version: '4.33.0', revision: '2c6aaad03a'
System info: os.name: 'Windows 11', os.arch: 'amd64', os.version: '10.0', java.version: '21.0.7'
Driver info: org.openqa.selenium.chrome.ChromeDriver
Command: [8a0788abea3f468a2eb8d610633d1745, screenshot {}]
Capabilities {acceptInsecureCerts: false, browserName: chrome, browserVersion: 138.0.7204.158, chrome: {chromedriverVersion: 138.0.7204.168 (3e8d82e86e9..., userDataDir: C:\Users\salah\AppData\Loca...}, fedcm:accounts: true, goog:chromeOptions: {debuggerAddress: localhost:63821}, networkConnectionEnabled: false, pageLoadStrategy: normal, platformName: windows, proxy: Proxy(), se:cdp: ws://localhost:63821/devtoo..., se:cdpVersion: 138.0.7204.158, setWindowRect: true, strictFileInteractability: false, timeouts: {implicit: 0, pageLoad: 300000, script: 30000}, unhandledPromptBehavior: dismiss and notify, webauthn:extension:credBlob: true, webauthn:extension:largeBlob: true, webauthn:extension:minPinLength: true, webauthn:extension:prf: true, webauthn:virtualAuthenticators: true}
Session ID: 8a0788abea3f468a2eb8d610633d1745
[ERROR] 24-07-2025 16:20:59 [main] [Utilites.Utility.takeFullScreenSHOT(Utility.java:88)] - no such window: target window already closed
from unknown error: web view not found
  (Session info: chrome=138.0.7204.158)
Build info: version: '4.33.0', revision: '2c6aaad03a'
System info: os.name: 'Windows 11', os.arch: 'amd64', os.version: '10.0', java.version: '21.0.7'
Driver info: org.openqa.selenium.chrome.ChromeDriver
Command: [8a0788abea3f468a2eb8d610633d1745, executeScript {script=return window.devicePixelRatio;, args=[]}]
Capabilities {acceptInsecureCerts: false, browserName: chrome, browserVersion: 138.0.7204.158, chrome: {chromedriverVersion: 138.0.7204.168 (3e8d82e86e9..., userDataDir: C:\Users\salah\AppData\Loca...}, fedcm:accounts: true, goog:chromeOptions: {debuggerAddress: localhost:63821}, networkConnectionEnabled: false, pageLoadStrategy: normal, platformName: windows, proxy: Proxy(), se:cdp: ws://localhost:63821/devtoo..., se:cdpVersion: 138.0.7204.158, setWindowRect: true, strictFileInteractability: false, timeouts: {implicit: 0, pageLoad: 300000, script: 30000}, unhandledPromptBehavior: dismiss and notify, webauthn:extension:credBlob: true, webauthn:extension:largeBlob: true, webauthn:extension:minPinLength: true, webauthn:extension:prf: true, webauthn:virtualAuthenticators: true}
Session ID: 8a0788abea3f468a2eb8d610633d1745
