[INFO] 26-07-2025 00:38:53 [main] [Tests.TC02_LandingTest.login(TC02_LandingTest.java:29)] - Chrome driver is opened
[INFO] 26-07-2025 00:38:55 [main] [Tests.TC02_LandingTest.login(TC02_LandingTest.java:31)] - LoginPage is opened
[INFO] 26-07-2025 00:38:57 [main] [Tests.TC02_LandingTest.setup(TC02_LandingTest.java:45)] - Chrome driver is opened
[INFO] 26-07-2025 00:38:59 [main] [Tests.TC02_LandingTest.setup(TC02_LandingTest.java:47)] - LoginPage is opened
[INFO] 26-07-2025 00:38:59 [main] [Listeners.ITestResultListenerClass.onTestStart(ITestResultListenerClass.java:11)] - Test Case addingRandomProductsToCartTC started
[INFO] 26-07-2025 00:38:59 [main] [Pages.P02_LandingPage.addRandomProducts(P02_LandingPage.java:67)] - randomNumber 4
[INFO] 26-07-2025 00:39:10 [main] [Listeners.IInvokeMethodListenerClass.afterInvocation(IInvokeMethodListenerClass.java:36)] - Test Case addingRandomProductsToCartTC failed
[ERROR] 26-07-2025 00:39:10 [main] [Utilites.Utility.takeFullScreenSHOT(Utility.java:85)] - no such element: Unable to locate element: {"method":"css selector","selector":".shopping_cart_badge"}
  (Session info: chrome=138.0.7204.158)
For documentation on this error, please visit: https://www.selenium.dev/documentation/webdriver/troubleshooting/errors#no-such-element-exception
Build info: version: '4.33.0', revision: '2c6aaad03a'
System info: os.name: 'Windows 11', os.arch: 'amd64', os.version: '10.0', java.version: '21.0.7'
Driver info: org.openqa.selenium.chrome.ChromeDriver
Command: [e0f80ff480c142f7b9708bbe046a0989, findElement {using=class name, value=shopping_cart_badge}]
Capabilities {acceptInsecureCerts: false, browserName: chrome, browserVersion: 138.0.7204.158, chrome: {chromedriverVersion: 138.0.7204.168 (3e8d82e86e9..., userDataDir: C:\Users\salah\AppData\Loca...}, fedcm:accounts: true, goog:chromeOptions: {debuggerAddress: localhost:53435}, networkConnectionEnabled: false, pageLoadStrategy: normal, platformName: windows, proxy: Proxy(), se:cdp: ws://localhost:53435/devtoo..., se:cdpVersion: 138.0.7204.158, setWindowRect: true, strictFileInteractability: false, timeouts: {implicit: 0, pageLoad: 300000, script: 30000}, unhandledPromptBehavior: dismiss and notify, webauthn:extension:credBlob: true, webauthn:extension:largeBlob: true, webauthn:extension:minPinLength: true, webauthn:extension:prf: true, webauthn:virtualAuthenticators: true}
Session ID: e0f80ff480c142f7b9708bbe046a0989
[INFO] 26-07-2025 00:39:12 [main] [Tests.TC02_LandingTest.setup(TC02_LandingTest.java:45)] - Chrome driver is opened
[INFO] 26-07-2025 00:39:14 [main] [Tests.TC02_LandingTest.setup(TC02_LandingTest.java:47)] - LoginPage is opened
[INFO] 26-07-2025 00:39:15 [main] [Listeners.ITestResultListenerClass.onTestStart(ITestResultListenerClass.java:11)] - Test Case checkingNumberOfSelectedProductsTC started
[INFO] 26-07-2025 00:39:15 [main] [Pages.P02_LandingPage.addAllProductsToCart(P02_LandingPage.java:35)] - number of all products = 1
[ERROR] 26-07-2025 00:39:21 [main] [Pages.P02_LandingPage.getNumberOfProductsOnCartIcon(P02_LandingPage.java:48)] - Expected condition failed: waiting for visibility of element located by By.className: shopping_cart_badge (tried for 5 second(s) with 500 milliseconds interval)
Build info: version: '4.33.0', revision: '2c6aaad03a'
System info: os.name: 'Windows 11', os.arch: 'amd64', os.version: '10.0', java.version: '21.0.7'
Driver info: org.openqa.selenium.chrome.ChromeDriver
Capabilities {acceptInsecureCerts: false, browserName: chrome, browserVersion: 138.0.7204.158, chrome: {chromedriverVersion: 138.0.7204.168 (3e8d82e86e9..., userDataDir: C:\Users\salah\AppData\Loca...}, fedcm:accounts: true, goog:chromeOptions: {debuggerAddress: localhost:53466}, networkConnectionEnabled: false, pageLoadStrategy: normal, platformName: windows, proxy: Proxy(), se:cdp: ws://localhost:53466/devtoo..., se:cdpVersion: 138.0.7204.158, setWindowRect: true, strictFileInteractability: false, timeouts: {implicit: 0, pageLoad: 300000, script: 30000}, unhandledPromptBehavior: dismiss and notify, webauthn:extension:credBlob: true, webauthn:extension:largeBlob: true, webauthn:extension:minPinLength: true, webauthn:extension:prf: true, webauthn:virtualAuthenticators: true}
Session ID: 055f73fdcac6fd676d34f4cadf0f5e09
[INFO] 26-07-2025 00:39:21 [main] [Pages.P02_LandingPage.getNumberOfSelectedProducts(P02_LandingPage.java:56)] - number of selected products = 0
[INFO] 26-07-2025 00:39:21 [main] [Listeners.ITestResultListenerClass.onTestSuccess(ITestResultListenerClass.java:16)] - Test Case checkingNumberOfSelectedProductsTC passed
[INFO] 26-07-2025 00:39:23 [main] [Tests.TC02_LandingTest.setup(TC02_LandingTest.java:45)] - Chrome driver is opened
[INFO] 26-07-2025 00:39:25 [main] [Tests.TC02_LandingTest.setup(TC02_LandingTest.java:47)] - LoginPage is opened
[INFO] 26-07-2025 00:39:25 [main] [Listeners.ITestResultListenerClass.onTestStart(ITestResultListenerClass.java:11)] - Test Case clickOnCartIconURLTC started
[INFO] 26-07-2025 00:39:36 [main] [Listeners.IInvokeMethodListenerClass.afterInvocation(IInvokeMethodListenerClass.java:36)] - Test Case clickOnCartIconURLTC failed
[ERROR] 26-07-2025 00:39:36 [main] [Utilites.Utility.takeFullScreenSHOT(Utility.java:85)] - no such element: Unable to locate element: {"method":"css selector","selector":".shopping_cart_badge"}
  (Session info: chrome=138.0.7204.158)
For documentation on this error, please visit: https://www.selenium.dev/documentation/webdriver/troubleshooting/errors#no-such-element-exception
Build info: version: '4.33.0', revision: '2c6aaad03a'
System info: os.name: 'Windows 11', os.arch: 'amd64', os.version: '10.0', java.version: '21.0.7'
Driver info: org.openqa.selenium.chrome.ChromeDriver
Command: [0e06d9abb857fd5608e1889dddf6b48a, findElement {using=class name, value=shopping_cart_badge}]
Capabilities {acceptInsecureCerts: false, browserName: chrome, browserVersion: 138.0.7204.158, chrome: {chromedriverVersion: 138.0.7204.168 (3e8d82e86e9..., userDataDir: C:\Users\salah\AppData\Loca...}, fedcm:accounts: true, goog:chromeOptions: {debuggerAddress: localhost:53491}, networkConnectionEnabled: false, pageLoadStrategy: normal, platformName: windows, proxy: Proxy(), se:cdp: ws://localhost:53491/devtoo..., se:cdpVersion: 138.0.7204.158, setWindowRect: true, strictFileInteractability: false, timeouts: {implicit: 0, pageLoad: 300000, script: 30000}, unhandledPromptBehavior: dismiss and notify, webauthn:extension:credBlob: true, webauthn:extension:largeBlob: true, webauthn:extension:minPinLength: true, webauthn:extension:prf: true, webauthn:virtualAuthenticators: true}
Session ID: 0e06d9abb857fd5608e1889dddf6b48a
